2019-11-08 13:28:05.204  INFO [product,,,] 4332 --- [restartedMain] com.example.demo.Application             : No active profile set, falling back to default profiles: default
2019-11-08 13:28:06.071  INFO [product,,,] 4332 --- [restartedMain] .s.d.r.c.RepositoryConfigurationDelegate : Bootstrapping Spring Data repositories in DEFAULT mode.
2019-11-08 13:28:06.298  INFO [product,,,] 4332 --- [restartedMain] .s.d.r.c.RepositoryConfigurationDelegate : Finished Spring Data repository scanning in 220ms. Found 1 repository interfaces.
2019-11-08 13:28:06.759  INFO [product,,,] 4332 --- [restartedMain] o.s.cloud.context.scope.GenericScope     : BeanFactory id=5e17f295-8711-3581-a9ac-d174a16e34b9
2019-11-08 13:28:07.475  INFO [product,,,] 4332 --- [restartedMain] trationDelegate$BeanPostProcessorChecker : Bean 'org.springframework.cloud.autoconfigure.ConfigurationPropertiesRebinderAutoConfiguration' of type [org.springframework.cloud.autoconfigure.ConfigurationPropertiesRebinderAutoConfiguration$$EnhancerBySpringCGLIB$$be7e7178] is not eligible for getting processed by all BeanPostProcessors (for example: not eligible for auto-proxying)
2019-11-08 13:28:08.400  INFO [product,,,] 4332 --- [restartedMain] o.s.b.w.embedded.tomcat.TomcatWebServer  : Tomcat initialized with port(s): 8011 (http)
2019-11-08 13:28:08.413  INFO [product,,,] 4332 --- [restartedMain] o.apache.catalina.core.StandardService   : Starting service [Tomcat]
2019-11-08 13:28:08.414  INFO [product,,,] 4332 --- [restartedMain] org.apache.catalina.core.StandardEngine  : Starting Servlet engine: [Apache Tomcat/9.0.27]
2019-11-08 13:28:08.741  INFO [product,,,] 4332 --- [restartedMain] o.a.c.c.C.[Tomcat].[localhost].[/]       : Initializing Spring embedded WebApplicationContext
2019-11-08 13:28:08.741  INFO [product,,,] 4332 --- [restartedMain] o.s.web.context.ContextLoader            : Root WebApplicationContext: initialization completed in 3511 ms
2019-11-08 13:28:10.083  INFO [product,,,] 4332 --- [restartedMain] org.mongodb.driver.cluster               : Cluster created with settings {hosts=[localhost:27017], mode=SINGLE, requiredClusterType=UNKNOWN, serverSelectionTimeout='30000 ms', maxWaitQueueSize=500}
2019-11-08 13:28:10.304  INFO [product,,,] 4332 --- [cluster-ClusterId{value='5dc52012f7d24974d4e89563', description='null'}-localhost:27017] org.mongodb.driver.connection            : Opened connection [connectionId{localValue:1, serverValue:70}] to localhost:27017
2019-11-08 13:28:10.310  INFO [product,,,] 4332 --- [cluster-ClusterId{value='5dc52012f7d24974d4e89563', description='null'}-localhost:27017] org.mongodb.driver.cluster               : Monitor thread successfully connected to server with description ServerDescription{address=localhost:27017, type=STANDALONE, state=CONNECTED, ok=true, version=ServerVersion{versionList=[4, 2, 0]}, minWireVersion=0, maxWireVersion=8, maxDocumentSize=16777216, logicalSessionTimeoutMinutes=30, roundTripTimeNanos=3878472}
2019-11-08 13:28:10.364  WARN [product,,,] 4332 --- [restartedMain] o.s.data.convert.CustomConversions       : Registering converter from class java.time.LocalDateTime to class org.joda.time.LocalDateTime as reading converter although it doesn't convert from a store-supported type! You might wanna check you annotation setup at the converter implementation.
2019-11-08 13:28:10.369  WARN [product,,,] 4332 --- [restartedMain] o.s.data.convert.CustomConversions       : Registering converter from class java.time.LocalDateTime to class org.joda.time.LocalDateTime as reading converter although it doesn't convert from a store-supported type! You might wanna check you annotation setup at the converter implementation.
2019-11-08 13:28:10.370  WARN [product,,,] 4332 --- [restartedMain] o.s.data.convert.CustomConversions       : Registering converter from class java.time.LocalDateTime to class java.time.Instant as reading converter although it doesn't convert from a store-supported type! You might wanna check you annotation setup at the converter implementation.
2019-11-08 13:28:10.371  WARN [product,,,] 4332 --- [restartedMain] o.s.data.convert.CustomConversions       : Registering converter from class java.time.Instant to class java.time.LocalDateTime as reading converter although it doesn't convert from a store-supported type! You might wanna check you annotation setup at the converter implementation.
2019-11-08 13:28:10.453  WARN [product,,,] 4332 --- [restartedMain] o.s.data.convert.CustomConversions       : Registering converter from class java.time.LocalDateTime to class org.joda.time.LocalDateTime as reading converter although it doesn't convert from a store-supported type! You might wanna check you annotation setup at the converter implementation.
2019-11-08 13:28:10.459  WARN [product,,,] 4332 --- [restartedMain] o.s.data.convert.CustomConversions       : Registering converter from class java.time.LocalDateTime to class org.joda.time.LocalDateTime as reading converter although it doesn't convert from a store-supported type! You might wanna check you annotation setup at the converter implementation.
2019-11-08 13:28:10.460  WARN [product,,,] 4332 --- [restartedMain] o.s.data.convert.CustomConversions       : Registering converter from class java.time.LocalDateTime to class java.time.Instant as reading converter although it doesn't convert from a store-supported type! You might wanna check you annotation setup at the converter implementation.
2019-11-08 13:28:10.461  WARN [product,,,] 4332 --- [restartedMain] o.s.data.convert.CustomConversions       : Registering converter from class java.time.Instant to class java.time.LocalDateTime as reading converter although it doesn't convert from a store-supported type! You might wanna check you annotation setup at the converter implementation.
2019-11-08 13:28:10.821  WARN [product,,,] 4332 --- [restartedMain] o.s.b.d.a.OptionalLiveReloadServer       : Unable to start LiveReload server
2019-11-08 13:28:11.055  WARN [product,,,] 4332 --- [restartedMain] c.n.c.sources.URLConfigurationSource     : No URLs will be polled as dynamic configuration sources.
2019-11-08 13:28:11.056  INFO [product,,,] 4332 --- [restartedMain] c.n.c.sources.URLConfigurationSource     : To enable URLs as dynamic configuration sources, define System property archaius.configurationSource.additionalUrls or make config.properties available on classpath.
2019-11-08 13:28:11.063  WARN [product,,,] 4332 --- [restartedMain] c.n.c.sources.URLConfigurationSource     : No URLs will be polled as dynamic configuration sources.
2019-11-08 13:28:11.064  INFO [product,,,] 4332 --- [restartedMain] c.n.c.sources.URLConfigurationSource     : To enable URLs as dynamic configuration sources, define System property archaius.configurationSource.additionalUrls or make config.properties available on classpath.
2019-11-08 13:28:11.615  INFO [product,,,] 4332 --- [restartedMain] o.s.s.concurrent.ThreadPoolTaskExecutor  : Initializing ExecutorService 'applicationTaskExecutor'
2019-11-08 13:28:11.928  WARN [product,,,] 4332 --- [restartedMain] ion$DefaultTemplateResolverConfiguration : Cannot find template location: classpath:/templates/ (please add some templates or check your Thymeleaf configuration)
2019-11-08 13:28:12.635  WARN [product,,,] 4332 --- [restartedMain] ockingLoadBalancerClientRibbonWarnLogger : You already have RibbonLoadBalancerClient on your classpath. It will be used by default. As Spring Cloud Ribbon is in maintenance mode. We recommend switching to BlockingLoadBalancerClient instead. In order to use it, set the value of `spring.cloud.loadbalancer.ribbon.enabled` to `false` or remove spring-cloud-starter-netflix-ribbon from your project.
2019-11-08 13:28:12.989  INFO [product,,,] 4332 --- [restartedMain] o.s.c.n.eureka.InstanceInfoFactory       : Setting initial instance status as: STARTING
2019-11-08 13:28:13.095  INFO [product,,,] 4332 --- [restartedMain] com.netflix.discovery.DiscoveryClient    : Initializing Eureka in region us-east-1
2019-11-08 13:28:13.198  INFO [product,,,] 4332 --- [restartedMain] c.n.d.provider.DiscoveryJerseyProvider   : Using JSON encoding codec LegacyJacksonJson
2019-11-08 13:28:13.199  INFO [product,,,] 4332 --- [restartedMain] c.n.d.provider.DiscoveryJerseyProvider   : Using JSON decoding codec LegacyJacksonJson
2019-11-08 13:28:13.425  INFO [product,,,] 4332 --- [restartedMain] c.n.d.provider.DiscoveryJerseyProvider   : Using XML encoding codec XStreamXml
2019-11-08 13:28:13.425  INFO [product,,,] 4332 --- [restartedMain] c.n.d.provider.DiscoveryJerseyProvider   : Using XML decoding codec XStreamXml
2019-11-08 13:28:13.719  INFO [product,,,] 4332 --- [restartedMain] c.n.d.s.r.aws.ConfigClusterResolver      : Resolving eureka endpoints via configuration
2019-11-08 13:28:13.784  INFO [product,,,] 4332 --- [restartedMain] com.netflix.discovery.DiscoveryClient    : Disable delta property : false
2019-11-08 13:28:13.785  INFO [product,,,] 4332 --- [restartedMain] com.netflix.discovery.DiscoveryClient    : Single vip registry refresh property : null
2019-11-08 13:28:13.785  INFO [product,,,] 4332 --- [restartedMain] com.netflix.discovery.DiscoveryClient    : Force full registry fetch : false
2019-11-08 13:28:13.785  INFO [product,,,] 4332 --- [restartedMain] com.netflix.discovery.DiscoveryClient    : Application is null : false
2019-11-08 13:28:13.785  INFO [product,,,] 4332 --- [restartedMain] com.netflix.discovery.DiscoveryClient    : Registered Applications size is zero : true
2019-11-08 13:28:13.785  INFO [product,,,] 4332 --- [restartedMain] com.netflix.discovery.DiscoveryClient    : Application version is -1: true
2019-11-08 13:28:13.786  INFO [product,,,] 4332 --- [restartedMain] com.netflix.discovery.DiscoveryClient    : Getting all instance registry info from the eureka server
2019-11-08 13:28:14.015  INFO [product,,,] 4332 --- [restartedMain] com.netflix.discovery.DiscoveryClient    : The response status is 200
2019-11-08 13:28:14.023  INFO [product,,,] 4332 --- [restartedMain] com.netflix.discovery.DiscoveryClient    : Starting heartbeat executor: renew interval is: 30
2019-11-08 13:28:14.028  INFO [product,,,] 4332 --- [restartedMain] c.n.discovery.InstanceInfoReplicator     : InstanceInfoReplicator onDemand update allowed rate per min is 4
2019-11-08 13:28:14.034  INFO [product,,,] 4332 --- [restartedMain] com.netflix.discovery.DiscoveryClient    : Discovery Client initialized at timestamp 1573199894033 with initial instances count: 1
2019-11-08 13:28:14.051  INFO [product,,,] 4332 --- [restartedMain] o.s.c.n.e.s.EurekaServiceRegistry        : Registering application PRODUCT with eureka with status UP
2019-11-08 13:28:14.052  INFO [product,,,] 4332 --- [restartedMain] com.netflix.discovery.DiscoveryClient    : Saw local status change event StatusChangeEvent [timestamp=1573199894052, current=UP, previous=STARTING]
2019-11-08 13:28:14.055  INFO [product,,,] 4332 --- [DiscoveryClient-InstanceInfoReplicator-0] com.netflix.discovery.DiscoveryClient    : DiscoveryClient_PRODUCT/Triconnodews006.triconhome.local:product:8011: registering service...
2019-11-08 13:28:14.170  INFO [product,,,] 4332 --- [DiscoveryClient-InstanceInfoReplicator-0] com.netflix.discovery.DiscoveryClient    : DiscoveryClient_PRODUCT/Triconnodews006.triconhome.local:product:8011 - registration status: 204
2019-11-08 13:28:14.181  INFO [product,,,] 4332 --- [restartedMain] o.s.b.w.embedded.tomcat.TomcatWebServer  : Tomcat started on port(s): 8011 (http) with context path ''
2019-11-08 13:28:14.182  INFO [product,,,] 4332 --- [restartedMain] .s.c.n.e.s.EurekaAutoServiceRegistration : Updating port to 8011
2019-11-08 13:28:14.244  INFO [product,,,] 4332 --- [restartedMain] com.example.demo.Application             : Started Application in 10.76 seconds (JVM running for 12.722)
